0.000000 0.000000
0.375000 0.000000
0.964356 0.805702
0.912799 0.833828
0.921411 0.833650
0.919928 0.844551
0.930917 0.845353
0.925560 0.852236
0.932141 0.853988
0.929472 0.861700
0.936373 0.862489
0.933831 0.869004
0.943866 0.870864
0.938830 0.876149
0.945823 0.879638
0.940990 0.886712
0.948687 0.886275
0.944780 0.892270
0.950214 0.892374
0.947541 0.900601
0.955970 0.899575
0.952947 0.902987
0.960732 0.909715
0.955125 0.915702
0.962491 0.914526
0.958071 0.919600
0.963431 0.919071
0.961343 0.922601
0.966564 0.923438
0.962276 0.928193
0.967872 0.927456
0.964805 0.931355
0.968648 0.931202
0.967387 0.933939
0.971258 0.934960
0.968356 0.938590
0.972332 0.938306
0.970406 0.941269
0.973127 0.941395
0.972364 0.943629
0.975504 0.944676
0.973083 0.947808
0.976893 0.947483
0.974228 0.950704
0.978767 0.950089
0.976464 0.952258
0.978360 0.952684
0.977580 0.954878
0.979725 0.955161
0.978495 0.957519
0.981466 0.957492
0.979916 0.959225
0.981754 0.959619
0.980527 0.961966
0.982389 0.961834
0.982038 0.964013
0.984634 0.964205
0.982355 0.966477
0.985297 0.965987
0.983269 0.968112
0.986148 0.967653
0.984970 0.968812
0.986491 0.969690
0.985367 0.971352
0.987633 0.971190
0.986380 0.972443
0.987736 0.972635
0.986741 0.974274
0.988181 0.974117
0.987662 0.975720
0.989074 0.975645
0.988448 0.976706
0.989406 0.976803
0.989129 0.977683
0.990472 0.978097
0.989762 0.978885
0.991155 0.979420
0.990115 0.980471
0.990989 0.980436
0.990844 0.981540
0.992129 0.981655
0.991548 0.982236
0.994004 0.984600
0.992251 0.985845
0.993543 0.985522
0.993213 0.986033
0.993831 0.986228
0.993541 0.986720
0.994180 0.986911
0.993809 0.987456
0.994689 0.987562
0.994223 0.988014
0.994883 0.988321
0.994539 0.988735
0.994950 0.988878
0.994727 0.989459
0.995528 0.989469
0.994838 0.990118
0.995630 0.989989
0.995180 0.990511
0.995754 0.990472
0.995474 0.990903
0.995901 0.990923
0.995723 0.991304
0.996078 0.991356
0.995934 0.991726
0.996291 0.991780
0.996101 0.992179
0.996588 0.992194
0.996335 0.992493
0.996676 0.992570
0.996533 0.992809
0.997066 0.993041
0.996772 0.993308
0.997151 0.993467
0.996941 0.993709
0.997195 0.993779
0.997027 0.994129
0.997319 0.994111
0.997200 0.994485
0.997567 0.994459
0.997313 0.994774
0.997781 0.994719
0.997491 0.994977
0.997812 0.994981
0.997644 0.995174
0.997863 0.995222
0.997773 0.995373
0.998104 0.995526
0.997933 0.995685
0.998137 0.995803
0.997980 0.996032
0.998321 0.996003
0.998076 0.996221
0.998253 0.996206
0.998221 0.996602
0.998542 0.996546
0.998395 0.996680
0.998598 0.996754
0.998467 0.996893
0.998644 0.996911
0.998545 0.997034
0.998709 0.997060
0.998606 0.997189
0.998711 0.997195
0.998691 0.997364
0.998801 0.997369
0.998747 0.997552
0.998959 0.997529
0.998825 0.997651
0.998984 0.997651
0.998891 0.997751
0.999020 0.997764
0.998945 0.997856
0.999073 0.997872
0.998983 0.997975
0.999081 0.997973
0.999054 0.998044
0.999155 0.998079
0.999072 0.998185
0.999223 0.998169
0.999137 0.998250
0.999227 0.998260
0.999190 0.998314
0.999298 0.998367
0.999211 0.998456
0.999306 0.998446
0.999268 0.998510
0.999321 0.998517
0.999301 0.998619
0.999400 0.998613
0.999353 0.998663
0.999400 0.998679
0.999377 0.998744
0.999458 0.998748
0.999403 0.998808
0.999453 0.998807
0.999442 0.998877
0.999488 0.998879
0.999469 0.998954
0.999547 0.998948
0.999508 0.998988
0.999546 0.998998
0.999526 0.999048
0.999591 0.999050
0.999545 0.999098
0.999588 0.999096
0.999572 0.999152
0.999623 0.999150
0.999593 0.999192
0.999645 0.999190
0.999624 0.999216
0.999666 0.999239
0.999644 0.999267
0.999674 0.999275
0.999652 0.999319
0.999695 0.999314
0.999676 0.999343
0.999702 0.999346
0.999689 0.999392
0.999744 0.999386
0.999704 0.999421
0.999733 0.999418
0.999726 0.999479
0.999781 0.999469
0.999750 0.999494
0.999776 0.999496
0.999758 0.999524
0.999780 0.999522
0.999776 0.999571
0.999815 0.999565
0.999798 0.999581
0.999821 0.999591
0.999809 0.999605
0.999823 0.999610
0.999816 0.999631
0.999830 0.999631
0.999828 0.999671
0.999859 0.999666
0.999844 0.999679
0.999855 0.999682
0.999851 0.999696
0.999865 0.999699
0.999855 0.999716
0.999870 0.999714
0.999865 0.999732
0.999880 0.999731
0.999873 0.999743
0.999885 0.999744
0.999879 0.999755
0.999891 0.999756
0.999884 0.999769
0.999901 0.999768
0.999889 0.999779
0.999898 0.999779
0.999898 0.999802
0.999911 0.999800
0.999906 0.999808
0.999918 0.999810
0.999912 0.999817
0.999922 0.999822
0.999917 0.999828
0.999924 0.999830
0.999919 0.999840
0.999927 0.999839
0.999925 0.999845
0.999933 0.999848
0.999927 0.999856
0.999938 0.999855
0.999932 0.999860
0.999937 0.999862
0.999935 0.999868
0.999943 0.999869
0.999938 0.999874
0.999945 0.999875
0.999941 0.999881
0.999945 0.999881
0.999944 0.999888
0.999950 0.999888
0.999948 0.999893
0.999951 0.999893
0.999949 0.999902
0.999955 0.999901
0.999954 0.999906
0.999957 0.999907
0.999956 0.999912
0.999961 0.999912
0.999958 0.999916
0.999963 0.999917
0.999960 0.999921
0.999966 0.999921
0.999963 0.999924
0.999966 0.999924
0.999965 0.999927
0.999968 0.999928
0.999966 0.999930
0.999972 0.999933
0.999969 0.999936
0.999971 0.999936
0.999970 0.999939
0.999973 0.999939
0.999972 0.999941
0.999974 0.999942
0.999972 0.999946
0.999976 0.999945
0.999974 0.999947
0.999976 0.999948
0.999975 0.999951
0.999979 0.999951
0.999977 0.999953
0.999979 0.999954
0.999978 0.999956
0.999980 0.999956
0.999979 0.999958
0.999982 0.999959
0.999981 0.999960
0.999987 0.999965
0.999982 0.999968
0.999986 0.999967
0.999984 0.999969
0.999986 0.999969
0.999985 0.999971
0.999987 0.999971
0.999986 0.999972
0.999987 0.999972
0.999987 0.999973
0.999988 0.999973
0.999987 0.999975
0.999989 0.999975
0.999988 0.999975
0.999990 0.999976
0.999989 0.999977
0.999990 0.999977
0.999989 0.999978
0.999991 0.999979
0.999990 0.999979
