0.000000 0.000000
0.375000 0.000000
0.821511 0.610420
0.793667 0.649091
0.843131 0.639528
0.816870 0.667076
0.847659 0.667177
0.834057 0.686433
0.852837 0.690768
0.845287 0.711508
0.863401 0.712677
0.857969 0.728753
0.879172 0.733246
0.864536 0.752925
0.887464 0.750617
0.878405 0.762531
0.898946 0.770097
0.885340 0.785023
0.897599 0.784659
0.894787 0.801032
0.905129 0.800920
0.902802 0.828036
0.925703 0.822711
0.911599 0.835219
0.922660 0.833967
0.920110 0.841086
0.928962 0.844050
0.924279 0.851772
0.930829 0.852574
0.928474 0.864400
0.939471 0.863488
0.934206 0.869881
0.942597 0.871328
0.936543 0.879187
0.947550 0.878276
0.939113 0.886696
0.951496 0.884679
0.941786 0.893344
0.954865 0.890688
0.944400 0.899437
0.958050 0.896296
0.946493 0.905413
0.954381 0.903314
0.956392 0.921474
0.963885 0.919625
0.961366 0.923479
0.965441 0.923744
0.962824 0.928518
0.967664 0.928046
0.964938 0.932298
0.968754 0.931973
0.967866 0.934601
0.971547 0.935821
0.969933 0.937919
0.973268 0.940034
0.971875 0.941992
0.975324 0.943980
0.973351 0.946386
0.977084 0.946942
0.974812 0.949287
0.977969 0.949759
0.976575 0.951391
0.981239 0.954651
0.979195 0.956357
0.989316 0.968200
0.983072 0.972005
0.989119 0.969975
0.984330 0.973074
0.989444 0.971486
0.987157 0.973001
0.990365 0.976476
0.989121 0.977478
0.990414 0.978084
0.989615 0.979020
0.990417 0.979110
0.990078 0.980637
0.991005 0.980550
0.990929 0.982617
0.992424 0.982385
0.991629 0.983194
0.992333 0.983231
0.991986 0.984497
0.992912 0.984378
0.992670 0.984975
0.993669 0.985234
0.992876 0.986024
0.993894 0.985944
0.993305 0.986595
0.993970 0.986614
0.993608 0.987318
0.994220 0.987302
0.994050 0.987795
0.994885 0.988013
0.994159 0.988715
0.995266 0.988564
0.994713 0.989026
0.995351 0.989325
0.994922 0.989811
0.995421 0.989829
0.995145 0.990368
0.995623 0.990352
0.995467 0.990749
0.995857 0.990822
0.995610 0.991343
0.996146 0.991310
0.995950 0.991589
0.996540 0.991867
0.996215 0.992176
0.996497 0.992280
0.996338 0.992693
0.996688 0.992692
0.996561 0.993006
0.996904 0.993055
0.996737 0.993315
0.997160 0.993411
0.996874 0.993708
0.997144 0.993723
0.997059 0.993977
0.997295 0.994029
0.997169 0.994337
0.997418 0.994340
0.997300 0.994756
0.997604 0.994718
0.997529 0.994913
0.997841 0.995004
0.997624 0.995234
0.997854 0.995240
0.997740 0.995477
0.997925 0.995479
0.997882 0.995760
0.998102 0.995763
0.997964 0.996003
0.998223 0.995981
0.998128 0.996110
0.998403 0.996237
0.998246 0.996385
0.998394 0.996429
0.998333 0.996547
0.998488 0.996607
0.998390 0.996762
0.998589 0.996770
0.998450 0.996934
0.998687 0.996921
0.998583 0.997021
0.998816 0.997214
0.998686 0.997337
0.998864 0.997355
0.998761 0.997460
0.998891 0.997488
0.998797 0.997615
0.998897 0.997611
0.998897 0.997858
0.999048 0.997838
0.998995 0.997907
0.999129 0.997975
0.999011 0.998097
0.999128 0.998078
0.999103 0.998146
0.999203 0.998180
0.999151 0.998243
0.999223 0.998269
0.999189 0.998332
0.999288 0.998359
0.999226 0.998426
0.999334 0.998441
0.999261 0.998512
0.999323 0.998515
0.999307 0.998571
0.999398 0.998598
0.999326 0.998671
0.999422 0.998664
0.999362 0.998728
0.999437 0.998727
0.999404 0.998772
0.999465 0.998790
0.999418 0.998855
0.999477 0.998850
0.999450 0.998933
0.999513 0.998925
0.999497 0.998965
0.999563 0.998983
0.999512 0.999034
0.999575 0.999031
0.999544 0.999070
0.999576 0.999075
0.999565 0.999139
0.999631 0.999135
0.999602 0.999163
0.999665 0.999217
0.999636 0.999246
0.999664 0.999256
0.999644 0.999301
0.999695 0.999296
0.999665 0.999329
0.999701 0.999330
0.999688 0.999350
0.999732 0.999372
0.999709 0.999395
0.999746 0.999412
0.999716 0.999445
0.999767 0.999439
0.999740 0.999462
0.999759 0.999469
0.999749 0.999496
0.999771 0.999496
0.999760 0.999534
0.999788 0.999530
0.999779 0.999549
0.999798 0.999552
0.999787 0.999576
0.999808 0.999575
0.999800 0.999594
0.999821 0.999596
0.999809 0.999613
0.999827 0.999615
0.999816 0.999637
0.999839 0.999635
0.999830 0.999647
0.999844 0.999653
0.999838 0.999664
0.999853 0.999670
0.999843 0.999686
0.999866 0.999686
0.999854 0.999698
0.999865 0.999702
0.999858 0.999718
0.999874 0.999718
0.999864 0.999734
0.999882 0.999732
0.999875 0.999740
0.999892 0.999749
0.999884 0.999757
0.999905 0.999773
0.999890 0.999786
0.999907 0.999784
0.999897 0.999794
0.999907 0.999794
0.999902 0.999804
0.999910 0.999804
0.999908 0.999816
0.999918 0.999816
0.999912 0.999827
0.999923 0.999826
0.999916 0.999836
0.999927 0.999835
0.999923 0.999840
0.999935 0.999845
0.999928 0.999852
0.999935 0.999853
0.999930 0.999860
0.999939 0.999860
0.999932 0.999868
0.999939 0.999867
0.999938 0.999881
0.999949 0.999879
0.999941 0.999887
0.999952 0.999885
0.999947 0.999889
0.999957 0.999896
0.999948 0.999903
0.999955 0.999902
0.999954 0.999907
0.999961 0.999907
0.999956 0.999912
0.999960 0.999912
0.999959 0.999917
0.999963 0.999917
0.999960 0.999922
0.999965 0.999922
0.999964 0.999924
0.999969 0.999927
0.999966 0.999930
0.999969 0.999930
0.999967 0.999934
0.999972 0.999934
0.999969 0.999936
0.999975 0.999940
0.999971 0.999944
0.999976 0.999943
0.999972 0.999946
0.999977 0.999946
0.999974 0.999948
0.999977 0.999948
0.999975 0.999950
0.999978 0.999951
0.999977 0.999953
0.999978 0.999953
0.999978 0.999958
0.999983 0.999957
0.999980 0.999959
0.999984 0.999962
0.999982 0.999963
0.999985 0.999965
0.999984 0.999966
0.999987 0.999969
0.999985 0.999971
0.999988 0.999970
0.999986 0.999971
0.999988 0.999972
0.999987 0.999973
0.999988 0.999973
0.999987 0.999975
0.999990 0.999975
0.999988 0.999976
0.999989 0.999976
0.999989 0.999978
0.999990 0.999978
0.999990 0.999978
0.999990 0.999979
0.999990 0.999980
0.999991 0.999980
0.999991 0.999980
