0.000000 0.000000
0.500000 0.000000
0.437500 0.187500
0.575562 0.190430
0.560077 0.296061
0.655250 0.309280
0.623421 0.399335
0.727554 0.391324
0.686302 0.443078
0.785641 0.484976
0.734507 0.534572
0.795450 0.538268
0.764658 0.573696
0.810870 0.581950
0.788559 0.610285
0.827769 0.618940
0.808161 0.643788
0.844803 0.650790
0.824348 0.674378
0.843107 0.676318
0.838684 0.702202
0.858101 0.702648
0.850213 0.727915
0.872158 0.726020
0.865480 0.739010
0.886069 0.746544
0.874676 0.761009
0.887685 0.762527
0.881866 0.781621
0.899234 0.780146
0.892625 0.790824
0.911496 0.795290
0.898267 0.808616
0.912151 0.807966
0.906677 0.816986
0.914890 0.818890
0.911282 0.832490
0.923776 0.831719
0.918309 0.839835
0.926140 0.841132
0.921539 0.853584
0.934353 0.851953
0.927799 0.859852
0.936157 0.860211
0.932778 0.866278
0.938525 0.867702
0.935414 0.877547
0.945274 0.876592
0.940097 0.882949
0.946997 0.883261
0.944004 0.888340
0.949018 0.889391
0.945757 0.897824
0.954926 0.896561
0.949586 0.902308
0.956311 0.902085
0.952846 0.906752
0.957909 0.907188
0.955698 0.911089
0.959609 0.911940
0.958246 0.915281
0.964438 0.917496
0.959737 0.922238
0.965593 0.921809
0.962246 0.925769
0.966858 0.925825
0.964482 0.929196
0.968177 0.929582
0.966502 0.932501
0.969511 0.933111
0.968348 0.935676
0.970837 0.936434
0.969260 0.941001
0.974220 0.940425
0.971101 0.943679
0.975181 0.943439
0.972769 0.946266
0.976163 0.946271
0.974294 0.948755
0.977146 0.948940
0.975697 0.951143
0.978119 0.951459
0.976997 0.953430
0.979072 0.953840
0.978206 0.955618
0.979999 0.956094
0.979336 0.957708
0.980898 0.958230
0.979890 0.961178
0.983134 0.960805
0.981005 0.962960
0.983813 0.962739
0.982037 0.964670
0.984484 0.964567
0.982997 0.966308
0.985141 0.966298
0.983892 0.967875
0.985781 0.967938
0.984729 0.969373
0.986402 0.969493
0.985515 0.970804
0.987004 0.970967
0.986253 0.972171
0.987584 0.972367
0.986948 0.973475
0.988142 0.973696
0.987602 0.974719
0.988679 0.974959
0.988220 0.975907
0.989194 0.976159
0.988804 0.977039
0.989688 0.977299
0.989357 0.978118
0.990161 0.978384
0.989879 0.979147
0.991349 0.979683
0.990133 0.980842
0.991722 0.980662
0.990637 0.981731
0.992082 0.981592
0.991112 0.982580
0.992429 0.982476
0.991559 0.983391
0.992764 0.983316
0.991982 0.984165
0.993086 0.984114
0.992382 0.984903
0.993395 0.984873
0.992760 0.985608
0.993691 0.985594
0.993117 0.986280
0.993976 0.986281
0.993456 0.986921
0.994249 0.986934
0.993777 0.987533
0.994510 0.987555
0.994081 0.988116
0.994760 0.988146
0.994370 0.988672
0.995000 0.988709
0.994643 0.989202
0.995229 0.989245
0.994903 0.989708
0.995448 0.989754
0.995149 0.990190
0.995657 0.990240
0.995384 0.990650
0.995857 0.990702
0.995606 0.991088
0.996048 0.991141
0.995817 0.991505
0.996231 0.991560
0.996018 0.991903
0.996405 0.991959
0.996209 0.992283
0.996571 0.992339
0.996390 0.992645
0.996730 0.992701
0.996563 0.992990
0.996882 0.993045
0.996727 0.993318
0.997026 0.993373
0.996883 0.993631
0.997165 0.993686
0.997032 0.993930
0.997296 0.993983
0.997173 0.994215
0.997422 0.994267
0.997308 0.994486
0.997542 0.994537
0.997436 0.994745
0.997657 0.994794
0.997557 0.994991
0.997766 0.995040
0.997673 0.995226
0.997870 0.995273
0.997784 0.995450
0.997969 0.995496
0.997889 0.995663
0.998064 0.995708
0.997989 0.995867
0.998154 0.995910
0.998084 0.996060
0.998240 0.996102
0.998175 0.996245
0.998322 0.996285
0.998261 0.996421
0.998401 0.996460
0.998343 0.996589
0.998475 0.996626
0.998421 0.996749
0.998547 0.996785
0.998496 0.996901
0.998615 0.996936
0.998567 0.997047
0.998679 0.997080
0.998634 0.997185
0.998741 0.997217
0.998699 0.997317
0.998800 0.997348
0.998760 0.997443
0.998856 0.997473
0.998819 0.997563
0.998909 0.997591
0.998874 0.997677
0.998960 0.997704
0.998927 0.997786
0.999009 0.997812
0.998978 0.997890
0.999055 0.997915
0.999026 0.997989
0.999100 0.998013
0.999072 0.998083
0.999142 0.998106
0.999116 0.998173
0.999182 0.998195
0.999157 0.998259
0.999220 0.998280
0.999197 0.998340
0.999257 0.998361
0.999235 0.998418
0.999292 0.998438
0.999271 0.998492
0.999325 0.998511
0.999305 0.998563
0.999356 0.998581
0.999338 0.998630
0.999386 0.998647
0.999369 0.998695
0.999415 0.998711
0.999398 0.998756
0.999443 0.998771
0.999427 0.998814
0.999469 0.998829
0.999454 0.998870
0.999494 0.998884
0.999479 0.998923
0.999517 0.998936
0.999504 0.998973
0.999540 0.998986
0.999527 0.999021
0.999561 0.999034
0.999537 0.999101
0.999615 0.999091
0.999559 0.999143
0.999633 0.999134
0.999580 0.999183
0.999650 0.999174
0.999600 0.999221
0.999666 0.999213
0.999618 0.999258
0.999682 0.999250
0.999636 0.999293
0.999697 0.999285
0.999653 0.999326
0.999711 0.999319
0.999670 0.999357
0.999724 0.999351
0.999685 0.999387
0.999737 0.999381
0.999700 0.999416
0.999749 0.999410
0.999714 0.999443
0.999761 0.999438
0.999728 0.999470
0.999772 0.999464
0.999740 0.999494
0.999783 0.999489
0.999753 0.999518
0.999793 0.999513
0.999764 0.999541
0.999803 0.999536
0.999775 0.999562
0.999812 0.999558
0.999786 0.999583
0.999821 0.999579
0.999796 0.999602
0.999829 0.999598
0.999805 0.999621
0.999837 0.999617
0.999815 0.999639
0.999845 0.999635
0.999823 0.999656
0.999852 0.999652
0.999832 0.999672
0.999859 0.999669
0.999840 0.999687
0.999866 0.999684
0.999847 0.999702
0.999872 0.999699
0.999854 0.999716
0.999878 0.999713
0.999861 0.999729
0.999884 0.999727
0.999868 0.999742
0.999889 0.999739
0.999874 0.999754
0.999894 0.999752
0.999880 0.999765
0.999899 0.999763
0.999885 0.999776
0.999904 0.999774
0.999891 0.999787
0.999908 0.999785
0.999896 0.999797
0.999913 0.999795
0.999901 0.999806
0.999917 0.999805
0.999905 0.999815
0.999921 0.999814
0.999910 0.999824
0.999924 0.999822
0.999914 0.999832
0.999928 0.999831
0.999918 0.999840
0.999931 0.999839
0.999922 0.999848
0.999935 0.999846
0.999926 0.999855
0.999938 0.999854
0.999929 0.999862
0.999941 0.999860
0.999932 0.999868
0.999943 0.999867
0.999936 0.999874
0.999946 0.999873
0.999939 0.999880
0.999949 0.999879
0.999942 0.999886
0.999951 0.999885
0.999944 0.999891
0.999953 0.999890
0.999947 0.999896
0.999955 0.999895
0.999949 0.999901
0.999958 0.999900
0.999952 0.999906
0.999960 0.999905
0.999954 0.999910
0.999961 0.999909
0.999956 0.999914
0.999963 0.999914
0.999958 0.999918
0.999965 0.999918
0.999960 0.999922
0.999967 0.999922
0.999962 0.999926
0.999968 0.999925
0.999964 0.999929
0.999970 0.999929
0.999966 0.999933
0.999971 0.999932
0.999967 0.999936
0.999972 0.999935
0.999969 0.999939
0.999974 0.999938
0.999970 0.999942
0.999975 0.999941
0.999972 0.999944
0.999976 0.999944
0.999973 0.999947
0.999977 0.999947
0.999974 0.999950
0.999978 0.999949
0.999975 0.999952
0.999979 0.999951
0.999977 0.999954
0.999980 0.999954
0.999978 0.999956
0.999981 0.999956
0.999979 0.999958
0.999982 0.999958
0.999980 0.999960
0.999983 0.999960
0.999981 0.999962
0.999984 0.999962
0.999982 0.999964
0.999984 0.999964
0.999982 0.999966
0.999985 0.999965
0.999983 0.999967
0.999986 0.999967
0.999984 0.999969
0.999987 0.999968
0.999985 0.999970
0.999987 0.999970
0.999985 0.999972
0.999988 0.999971
0.999986 0.999973
0.999988 0.999973
0.999987 0.999974
0.999989 0.999974
0.999987 0.999975
0.999989 0.999975
0.999988 0.999977
0.999990 0.999976
0.999989 0.999978
0.999990 0.999977
0.999989 0.999979
0.999991 0.999979
0.999990 0.999980
0.999991 0.999980
0.999990 0.999981
0.999992 0.999981
0.999991 0.999982
0.999992 0.999981
0.999991 0.999982
0.999992 0.999982
0.999991 0.999983
0.999993 0.999983
0.999992 0.999984
0.999993 0.999984
0.999992 0.999985
0.999993 0.999985
0.999993 0.999986
0.999994 0.999985
0.999993 0.999986
0.999994 0.999986
0.999993 0.999987
0.999994 0.999987
0.999994 0.999987
0.999995 0.999987
0.999994 0.999988
0.999995 0.999988
0.999994 0.999989
0.999995 0.999989
0.999994 0.999989
0.999995 0.999989
0.999995 0.999990
0.999996 0.999990
0.999995 0.999990
0.999996 0.999990
0.999995 0.999991
0.999996 0.999991
0.999995 0.999991
0.999996 0.999991
0.999996 0.999991
0.999996 0.999991
0.999996 0.999992
0.999996 0.999992
0.999996 0.999992
0.999997 0.999992
0.999996 0.999993
